<?xml version="1.0" encoding="UTF-8"?>
<!-- Generated by org.testng.reporters.JUnitReportReporter -->
<testsuite hostname="vm7.opus.fr" name="org.artofsolving.jodconverter.process.ProcessManagerTest" tests="2" failures="0" timestamp="23 Jul 2014 12:06:07 GMT" time="0.061" errors="0">
  <testcase name="sigarProcessManager" time="0.016" classname="org.artofsolving.jodconverter.process.ProcessManagerTest"/>
  <testcase name="linuxProcessManager" time="0.045" classname="org.artofsolving.jodconverter.process.ProcessManagerTest"/>
</testsuite>
