<?xml version="1.0" encoding="UTF-8"?>
<!-- Generated by org.testng.reporters.JUnitReportReporter -->
<testsuite hostname="vm7.opus.fr" name="org.artofsolving.jodconverter.document.JsonDocumentFormatRegistryTest" tests="1" failures="0" timestamp="23 Jul 2014 12:06:07 GMT" time="0.013" errors="0">
  <testcase name="readJsonRegistry" time="0.013" classname="org.artofsolving.jodconverter.document.JsonDocumentFormatRegistryTest"/>
</testsuite>
